2025-01-21 15:12:26,239 - BackendLogger - INFO - Processing request with data: {'key': 'value'}
2025-01-21 15:12:26,239 - BackendLogger - INFO - Processing request with data: None
2025-01-21 15:12:26,239 - BackendLogger - ERROR - An error occurred: Invalid data provided
2025-01-21 15:13:28,082 - BackendLogger - INFO - Processing request with data: {'key': 'value'}
2025-01-21 15:13:28,082 - BackendLogger - INFO - Processing request with data: None
2025-01-21 15:13:28,082 - BackendLogger - ERROR - An error occurred: Invalid data provided
2025-01-21 16:23:53,099 - BackendLogger - INFO - Processing request with data: {'key': 'value'}
2025-01-21 16:23:53,099 - BackendLogger - INFO - Processing request with data: None
2025-01-21 16:23:53,099 - BackendLogger - ERROR - An error occurred: Invalid data provided
2025-01-21 16:23:53,224 - werkzeug - INFO - [31m[1mWARNING: This is a development server. Do not use it in a production deployment. Use a production WSGI server instead.[0m
 * Running on http://127.0.0.1:5000
2025-01-21 16:23:53,224 - werkzeug - INFO - [33mPress CTRL+C to quit[0m
2025-01-21 16:23:53,226 - werkzeug - INFO -  * Restarting with stat
2025-01-21 16:23:53,404 - BackendLogger - INFO - Processing request with data: {'key': 'value'}
2025-01-21 16:23:53,404 - BackendLogger - INFO - Processing request with data: None
2025-01-21 16:23:53,404 - BackendLogger - ERROR - An error occurred: Invalid data provided
2025-01-21 16:23:53,430 - werkzeug - WARNING -  * Debugger is active!
2025-01-21 16:23:53,439 - werkzeug - INFO -  * Debugger PIN: 108-899-997
2025-01-21 16:24:21,352 - werkzeug - INFO - 127.0.0.1 - - [21/Jan/2025 16:24:21] "GET / HTTP/1.1" 200 -
2025-01-21 16:24:43,322 - werkzeug - INFO - 127.0.0.1 - - [21/Jan/2025 16:24:43] "GET /books HTTP/1.1" 200 -
2025-01-21 18:57:36,568 - BackendLogger - INFO - Processing request with data: {'key': 'value'}
2025-01-21 18:57:36,568 - BackendLogger - INFO - Processing request with data: None
2025-01-21 18:57:36,569 - BackendLogger - ERROR - An error occurred: Invalid data provided
2025-01-21 19:00:32,582 - BackendLogger - INFO - Processing request with data: {'key': 'value'}
2025-01-21 19:00:32,582 - BackendLogger - INFO - Processing request with data: None
2025-01-21 19:00:32,582 - BackendLogger - ERROR - An error occurred: Invalid data provided
2025-01-21 19:00:32,633 - werkzeug - INFO - [31m[1mWARNING: This is a development server. Do not use it in a production deployment. Use a production WSGI server instead.[0m
 * Running on http://127.0.0.1:5000
2025-01-21 19:00:32,634 - werkzeug - INFO - [33mPress CTRL+C to quit[0m
2025-01-21 19:00:32,634 - werkzeug - INFO -  * Restarting with stat
2025-01-21 19:00:32,808 - BackendLogger - INFO - Processing request with data: {'key': 'value'}
2025-01-21 19:00:32,808 - BackendLogger - INFO - Processing request with data: None
2025-01-21 19:00:32,808 - BackendLogger - ERROR - An error occurred: Invalid data provided
2025-01-21 19:00:32,833 - werkzeug - WARNING -  * Debugger is active!
2025-01-21 19:00:32,844 - werkzeug - INFO -  * Debugger PIN: 108-899-997
2025-01-21 19:00:35,659 - werkzeug - INFO - 127.0.0.1 - - [21/Jan/2025 19:00:35] "GET /books HTTP/1.1" 200 -
2025-01-21 19:00:44,458 - werkzeug - INFO - 127.0.0.1 - - [21/Jan/2025 19:00:44] "GET /loans HTTP/1.1" 200 -
2025-01-21 19:01:02,940 - werkzeug - INFO - 127.0.0.1 - - [21/Jan/2025 19:01:02] "[31m[1mPOST /customers HTTP/1.1[0m" 415 -
2025-01-21 19:01:04,723 - werkzeug - INFO - 127.0.0.1 - - [21/Jan/2025 19:01:04] "[33mPOST /customer HTTP/1.1[0m" 404 -
2025-01-21 19:01:33,372 - werkzeug - INFO - 127.0.0.1 - - [21/Jan/2025 19:01:33] "[31m[1mPOST /customers HTTP/1.1[0m" 415 -
2025-01-21 19:01:57,042 - werkzeug - INFO - 127.0.0.1 - - [21/Jan/2025 19:01:57] "GET /customers HTTP/1.1" 200 -
2025-01-21 19:02:46,793 - werkzeug - INFO - 127.0.0.1 - - [21/Jan/2025 19:02:46] "GET /customers HTTP/1.1" 200 -
2025-01-21 19:02:51,007 - werkzeug - INFO - 127.0.0.1 - - [21/Jan/2025 19:02:51] "[31m[1mPOST /customers HTTP/1.1[0m" 400 -
2025-01-21 19:03:08,311 - werkzeug - INFO - 127.0.0.1 - - [21/Jan/2025 19:03:08] "[31m[1mPOST /customers HTTP/1.1[0m" 400 -
2025-01-21 19:03:39,029 - werkzeug - INFO -  * Detected change in '/Users/nevo/Desktop/Nevo Project john brice/Big Project/PyPL/backend/app.py', reloading
2025-01-21 19:03:39,100 - werkzeug - INFO -  * Restarting with stat
2025-01-21 19:03:39,359 - BackendLogger - INFO - Processing request with data: {'key': 'value'}
2025-01-21 19:03:39,359 - BackendLogger - INFO - Processing request with data: None
2025-01-21 19:03:39,359 - BackendLogger - ERROR - An error occurred: Invalid data provided
2025-01-21 19:03:39,387 - werkzeug - WARNING -  * Debugger is active!
2025-01-21 19:03:39,396 - werkzeug - INFO -  * Debugger PIN: 118-698-755
2025-01-21 19:03:43,437 - werkzeug - INFO -  * Detected change in '/Users/nevo/Desktop/Nevo Project john brice/Big Project/PyPL/backend/app.py', reloading
2025-01-21 19:03:43,501 - werkzeug - INFO -  * Restarting with stat
2025-01-21 19:03:43,699 - BackendLogger - INFO - Processing request with data: {'key': 'value'}
2025-01-21 19:03:43,699 - BackendLogger - INFO - Processing request with data: None
2025-01-21 19:03:43,700 - BackendLogger - ERROR - An error occurred: Invalid data provided
2025-01-21 19:03:43,723 - werkzeug - WARNING -  * Debugger is active!
2025-01-21 19:03:43,731 - werkzeug - INFO -  * Debugger PIN: 118-698-755
2025-01-21 19:03:46,820 - werkzeug - INFO - 127.0.0.1 - - [21/Jan/2025 19:03:46] "[35m[1mPOST /customers HTTP/1.1[0m" 500 -
2025-01-21 19:03:46,844 - werkzeug - INFO - 127.0.0.1 - - [21/Jan/2025 19:03:46] "GET /customers?__debugger__=yes&cmd=resource&f=debugger.js HTTP/1.1" 200 -
2025-01-21 19:03:46,844 - werkzeug - INFO - 127.0.0.1 - - [21/Jan/2025 19:03:46] "GET /customers?__debugger__=yes&cmd=resource&f=style.css HTTP/1.1" 200 -
2025-01-21 19:03:46,851 - werkzeug - INFO - 127.0.0.1 - - [21/Jan/2025 19:03:46] "GET /customers?__debugger__=yes&cmd=resource&f=console.png&s=lymcoDRZc38qDiBRMF3D HTTP/1.1" 200 -
2025-01-21 19:04:03,960 - werkzeug - INFO -  * Detected change in '/Users/nevo/Desktop/Nevo Project john brice/Big Project/PyPL/backend/app.py', reloading
2025-01-21 19:04:04,029 - werkzeug - INFO -  * Restarting with stat
2025-01-21 19:04:07,222 - werkzeug - INFO -  * Restarting with stat
2025-01-21 19:04:08,394 - werkzeug - INFO -  * Restarting with stat
2025-01-21 19:04:08,592 - BackendLogger - INFO - Processing request with data: {'key': 'value'}
2025-01-21 19:04:08,592 - BackendLogger - INFO - Processing request with data: None
2025-01-21 19:04:08,592 - BackendLogger - ERROR - An error occurred: Invalid data provided
2025-01-21 19:04:08,617 - werkzeug - WARNING -  * Debugger is active!
2025-01-21 19:04:08,623 - werkzeug - INFO -  * Debugger PIN: 108-899-997
2025-01-21 19:04:22,791 - werkzeug - INFO -  * Detected change in '/Users/nevo/Desktop/Nevo Project john brice/Big Project/PyPL/backend/app.py', reloading
2025-01-21 19:04:22,862 - werkzeug - INFO -  * Restarting with stat
2025-01-21 19:04:23,043 - BackendLogger - INFO - Processing request with data: {'key': 'value'}
2025-01-21 19:04:23,043 - BackendLogger - INFO - Processing request with data: None
2025-01-21 19:04:23,043 - BackendLogger - ERROR - An error occurred: Invalid data provided
2025-01-21 19:04:23,067 - werkzeug - WARNING -  * Debugger is active!
2025-01-21 19:04:23,073 - werkzeug - INFO -  * Debugger PIN: 108-899-997
2025-01-21 19:05:12,374 - werkzeug - INFO - 127.0.0.1 - - [21/Jan/2025 19:05:12] "[31m[1mPOST /customers HTTP/1.1[0m" 400 -
2025-01-21 19:05:58,969 - werkzeug - INFO - 127.0.0.1 - - [21/Jan/2025 19:05:58] "[35m[1mPOST /customers HTTP/1.1[0m" 201 -
2025-01-21 19:06:07,900 - werkzeug - INFO - 127.0.0.1 - - [21/Jan/2025 19:06:07] "GET /customers HTTP/1.1" 200 -
2025-01-21 19:12:14,765 - BackendLogger - INFO - Processing request with data: {'key': 'value'}
2025-01-21 19:12:14,765 - BackendLogger - INFO - Processing request with data: None
2025-01-21 19:12:14,765 - BackendLogger - ERROR - An error occurred: Invalid data provided
2025-01-21 19:12:15,004 - BackendLogger - INFO - Processing request with data: {'key': 'value'}
2025-01-21 19:12:15,004 - BackendLogger - INFO - Processing request with data: None
2025-01-21 19:12:15,004 - BackendLogger - ERROR - An error occurred: Invalid data provided
2025-01-21 19:12:43,127 - BackendLogger - INFO - Processing request with data: {'key': 'value'}
2025-01-21 19:12:43,128 - BackendLogger - INFO - Processing request with data: None
2025-01-21 19:12:43,128 - BackendLogger - ERROR - An error occurred: Invalid data provided
2025-01-21 19:13:05,742 - BackendLogger - INFO - Processing request with data: {'key': 'value'}
2025-01-21 19:13:05,743 - BackendLogger - INFO - Processing request with data: None
2025-01-21 19:13:05,743 - BackendLogger - ERROR - An error occurred: Invalid data provided
2025-01-21 19:15:54,338 - BackendLogger - INFO - Processing request with data: {'key': 'value'}
2025-01-21 19:15:54,340 - BackendLogger - INFO - Processing request with data: None
2025-01-21 19:15:54,340 - BackendLogger - ERROR - An error occurred: Invalid data provided
2025-01-21 19:15:54,388 - werkzeug - INFO - [31m[1mWARNING: This is a development server. Do not use it in a production deployment. Use a production WSGI server instead.[0m
 * Running on http://127.0.0.1:5000
2025-01-21 19:15:54,388 - werkzeug - INFO - [33mPress CTRL+C to quit[0m
2025-01-21 19:15:54,389 - werkzeug - INFO -  * Restarting with stat
2025-01-21 19:15:54,569 - BackendLogger - INFO - Processing request with data: {'key': 'value'}
2025-01-21 19:15:54,569 - BackendLogger - INFO - Processing request with data: None
2025-01-21 19:15:54,569 - BackendLogger - ERROR - An error occurred: Invalid data provided
2025-01-21 19:15:54,595 - werkzeug - WARNING -  * Debugger is active!
2025-01-21 19:15:54,604 - werkzeug - INFO -  * Debugger PIN: 108-899-997
2025-01-21 19:16:00,386 - werkzeug - INFO - 127.0.0.1 - - [21/Jan/2025 19:16:00] "[31m[1mPOST /customers/1 HTTP/1.1[0m" 405 -
2025-01-21 19:16:05,167 - werkzeug - INFO - 127.0.0.1 - - [21/Jan/2025 19:16:05] "PUT /customers/1 HTTP/1.1" 200 -
2025-01-21 19:16:14,702 - werkzeug - INFO - 127.0.0.1 - - [21/Jan/2025 19:16:14] "GET /customers HTTP/1.1" 200 -
2025-01-21 19:18:48,742 - werkzeug - INFO -  * Detected change in '/Users/nevo/Desktop/Nevo Project john brice/Big Project/PyPL/backend/app.py', reloading
2025-01-21 19:18:48,820 - werkzeug - INFO -  * Restarting with stat
2025-01-21 19:18:49,106 - BackendLogger - INFO - Processing request with data: {'key': 'value'}
2025-01-21 19:18:49,106 - BackendLogger - INFO - Processing request with data: None
2025-01-21 19:18:49,106 - BackendLogger - ERROR - An error occurred: Invalid data provided
2025-01-21 19:18:49,140 - werkzeug - WARNING -  * Debugger is active!
2025-01-21 19:18:49,147 - werkzeug - INFO -  * Debugger PIN: 108-899-997
2025-01-21 19:18:58,369 - BackendLogger - INFO - Processing request with data: {'key': 'value'}
2025-01-21 19:18:58,369 - BackendLogger - INFO - Processing request with data: None
2025-01-21 19:18:58,369 - BackendLogger - ERROR - An error occurred: Invalid data provided
2025-01-21 19:25:15,707 - BackendLogger - INFO - Processing request with data: {'key': 'value'}
2025-01-21 19:25:15,709 - BackendLogger - INFO - Processing request with data: None
2025-01-21 19:25:15,709 - BackendLogger - ERROR - An error occurred: Invalid data provided
2025-01-21 19:25:26,854 - BackendLogger - INFO - Processing request with data: {'key': 'value'}
2025-01-21 19:25:26,855 - BackendLogger - INFO - Processing request with data: None
2025-01-21 19:25:26,855 - BackendLogger - ERROR - An error occurred: Invalid data provided
2025-01-21 19:25:45,709 - BackendLogger - INFO - Processing request with data: {'key': 'value'}
2025-01-21 19:25:45,711 - BackendLogger - INFO - Processing request with data: None
2025-01-21 19:25:45,711 - BackendLogger - ERROR - An error occurred: Invalid data provided
2025-01-21 19:26:55,864 - BackendLogger - INFO - Processing request with data: {'key': 'value'}
2025-01-21 19:26:55,865 - BackendLogger - INFO - Processing request with data: None
2025-01-21 19:26:55,865 - BackendLogger - ERROR - An error occurred: Invalid data provided
2025-01-21 19:26:55,969 - werkzeug - INFO - [31m[1mWARNING: This is a development server. Do not use it in a production deployment. Use a production WSGI server instead.[0m
 * Running on http://127.0.0.1:5000
2025-01-21 19:26:55,969 - werkzeug - INFO - [33mPress CTRL+C to quit[0m
2025-01-21 19:26:55,969 - werkzeug - INFO -  * Restarting with stat
2025-01-21 19:26:56,153 - BackendLogger - INFO - Processing request with data: {'key': 'value'}
2025-01-21 19:26:56,153 - BackendLogger - INFO - Processing request with data: None
2025-01-21 19:26:56,153 - BackendLogger - ERROR - An error occurred: Invalid data provided
2025-01-21 19:26:56,217 - werkzeug - WARNING -  * Debugger is active!
2025-01-21 19:26:56,227 - werkzeug - INFO -  * Debugger PIN: 108-899-997
2025-01-21 19:28:48,147 - BackendLogger - INFO - Processing request with data: {'key': 'value'}
2025-01-21 19:28:48,147 - BackendLogger - INFO - Processing request with data: None
2025-01-21 19:28:48,147 - BackendLogger - ERROR - An error occurred: Invalid data provided
2025-01-21 19:28:53,589 - BackendLogger - INFO - Processing request with data: {'key': 'value'}
2025-01-21 19:28:53,589 - BackendLogger - INFO - Processing request with data: None
2025-01-21 19:28:53,589 - BackendLogger - ERROR - An error occurred: Invalid data provided
2025-01-21 19:28:53,666 - werkzeug - INFO - [31m[1mWARNING: This is a development server. Do not use it in a production deployment. Use a production WSGI server instead.[0m
 * Running on http://127.0.0.1:5000
2025-01-21 19:28:53,666 - werkzeug - INFO - [33mPress CTRL+C to quit[0m
2025-01-21 19:28:53,667 - werkzeug - INFO -  * Restarting with stat
2025-01-21 19:28:53,847 - BackendLogger - INFO - Processing request with data: {'key': 'value'}
2025-01-21 19:28:53,847 - BackendLogger - INFO - Processing request with data: None
2025-01-21 19:28:53,847 - BackendLogger - ERROR - An error occurred: Invalid data provided
2025-01-21 19:28:53,911 - werkzeug - WARNING -  * Debugger is active!
2025-01-21 19:28:53,920 - werkzeug - INFO -  * Debugger PIN: 108-899-997
2025-01-21 19:30:21,958 - BackendLogger - INFO - Processing request with data: {'key': 'value'}
2025-01-21 19:30:21,959 - BackendLogger - INFO - Processing request with data: None
2025-01-21 19:30:21,959 - BackendLogger - ERROR - An error occurred: Invalid data provided
2025-01-21 19:30:22,067 - werkzeug - INFO - [31m[1mWARNING: This is a development server. Do not use it in a production deployment. Use a production WSGI server instead.[0m
 * Running on http://127.0.0.1:5000
2025-01-21 19:30:22,067 - werkzeug - INFO - [33mPress CTRL+C to quit[0m
2025-01-21 19:30:22,068 - werkzeug - INFO -  * Restarting with stat
2025-01-21 19:30:22,246 - BackendLogger - INFO - Processing request with data: {'key': 'value'}
2025-01-21 19:30:22,246 - BackendLogger - INFO - Processing request with data: None
2025-01-21 19:30:22,246 - BackendLogger - ERROR - An error occurred: Invalid data provided
2025-01-21 19:30:22,309 - werkzeug - WARNING -  * Debugger is active!
2025-01-21 19:30:22,317 - werkzeug - INFO -  * Debugger PIN: 108-899-997
2025-01-21 19:30:34,352 - BackendLogger - INFO - Processing request with data: {'key': 'value'}
2025-01-21 19:30:34,352 - BackendLogger - INFO - Processing request with data: None
2025-01-21 19:30:34,352 - BackendLogger - ERROR - An error occurred: Invalid data provided
2025-01-21 19:30:36,940 - BackendLogger - INFO - Processing request with data: {'key': 'value'}
2025-01-21 19:30:36,941 - BackendLogger - INFO - Processing request with data: None
2025-01-21 19:30:36,941 - BackendLogger - ERROR - An error occurred: Invalid data provided
2025-01-21 19:32:44,893 - BackendLogger - INFO - Processing request with data: {'key': 'value'}
2025-01-21 19:32:44,894 - BackendLogger - INFO - Processing request with data: None
2025-01-21 19:32:44,894 - BackendLogger - ERROR - An error occurred: Invalid data provided
2025-01-21 19:32:44,999 - werkzeug - INFO - [31m[1mWARNING: This is a development server. Do not use it in a production deployment. Use a production WSGI server instead.[0m
 * Running on http://127.0.0.1:5000
2025-01-21 19:32:44,999 - werkzeug - INFO - [33mPress CTRL+C to quit[0m
2025-01-21 19:32:45,000 - werkzeug - INFO -  * Restarting with stat
2025-01-21 19:32:45,177 - BackendLogger - INFO - Processing request with data: {'key': 'value'}
2025-01-21 19:32:45,177 - BackendLogger - INFO - Processing request with data: None
2025-01-21 19:32:45,177 - BackendLogger - ERROR - An error occurred: Invalid data provided
2025-01-21 19:32:45,239 - werkzeug - WARNING -  * Debugger is active!
2025-01-21 19:32:45,248 - werkzeug - INFO -  * Debugger PIN: 108-899-997
2025-01-21 19:34:40,348 - BackendLogger - INFO - Processing request with data: {'key': 'value'}
2025-01-21 19:34:40,348 - BackendLogger - INFO - Processing request with data: None
2025-01-21 19:34:40,348 - BackendLogger - ERROR - An error occurred: Invalid data provided
2025-01-21 19:34:40,431 - werkzeug - INFO - [31m[1mWARNING: This is a development server. Do not use it in a production deployment. Use a production WSGI server instead.[0m
 * Running on http://127.0.0.1:5000
2025-01-21 19:34:40,431 - werkzeug - INFO - [33mPress CTRL+C to quit[0m
2025-01-21 19:35:34,414 - BackendLogger - INFO - Processing request with data: {'key': 'value'}
2025-01-21 19:35:34,414 - BackendLogger - INFO - Processing request with data: None
2025-01-21 19:35:34,414 - BackendLogger - ERROR - An error occurred: Invalid data provided
2025-01-21 19:37:57,745 - BackendLogger - INFO - Processing request with data: {'key': 'value'}
2025-01-21 19:37:57,745 - BackendLogger - INFO - Processing request with data: None
2025-01-21 19:37:57,745 - BackendLogger - ERROR - An error occurred: Invalid data provided
2025-01-21 19:38:55,121 - BackendLogger - INFO - Processing request with data: {'key': 'value'}
2025-01-21 19:38:55,122 - BackendLogger - INFO - Processing request with data: None
2025-01-21 19:38:55,122 - BackendLogger - ERROR - An error occurred: Invalid data provided
2025-01-21 19:40:07,487 - BackendLogger - INFO - Processing request with data: {'key': 'value'}
2025-01-21 19:40:07,487 - BackendLogger - INFO - Processing request with data: None
2025-01-21 19:40:07,487 - BackendLogger - ERROR - An error occurred: Invalid data provided
2025-01-21 19:42:33,899 - BackendLogger - INFO - Processing request with data: {'key': 'value'}
2025-01-21 19:42:33,899 - BackendLogger - INFO - Processing request with data: None
2025-01-21 19:42:33,900 - BackendLogger - ERROR - An error occurred: Invalid data provided
2025-01-21 19:42:40,904 - BackendLogger - INFO - Processing request with data: {'key': 'value'}
2025-01-21 19:42:40,904 - BackendLogger - INFO - Processing request with data: None
2025-01-21 19:42:40,904 - BackendLogger - ERROR - An error occurred: Invalid data provided
2025-01-21 19:55:59,477 - BackendLogger - INFO - Processing request with data: {'key': 'value'}
2025-01-21 19:55:59,477 - BackendLogger - INFO - Processing request with data: None
2025-01-21 19:55:59,478 - BackendLogger - ERROR - An error occurred: Invalid data provided
2025-01-21 19:58:50,607 - BackendLogger - INFO - Processing request with data: {'key': 'value'}
2025-01-21 19:58:50,607 - BackendLogger - INFO - Processing request with data: None
2025-01-21 19:58:50,607 - BackendLogger - ERROR - An error occurred: Invalid data provided
2025-01-21 19:59:20,679 - BackendLogger - INFO - Processing request with data: {'key': 'value'}
2025-01-21 19:59:20,679 - BackendLogger - INFO - Processing request with data: None
2025-01-21 19:59:20,679 - BackendLogger - ERROR - An error occurred: Invalid data provided
2025-01-22 08:00:44,095 - BackendLogger - INFO - Processing request with data: {'key': 'value'}
2025-01-22 08:00:44,096 - BackendLogger - INFO - Processing request with data: None
2025-01-22 08:00:44,096 - BackendLogger - ERROR - An error occurred: Invalid data provided
2025-01-22 08:00:44,330 - werkzeug - INFO - [31m[1mWARNING: This is a development server. Do not use it in a production deployment. Use a production WSGI server instead.[0m
 * Running on http://127.0.0.1:5000
2025-01-22 08:00:44,330 - werkzeug - INFO - [33mPress CTRL+C to quit[0m
2025-01-22 08:00:44,331 - werkzeug - INFO -  * Restarting with stat
2025-01-22 08:00:44,518 - BackendLogger - INFO - Processing request with data: {'key': 'value'}
2025-01-22 08:00:44,519 - BackendLogger - INFO - Processing request with data: None
2025-01-22 08:00:44,519 - BackendLogger - ERROR - An error occurred: Invalid data provided
2025-01-22 08:00:44,585 - werkzeug - WARNING -  * Debugger is active!
2025-01-22 08:00:44,596 - werkzeug - INFO -  * Debugger PIN: 108-899-997
2025-01-22 08:00:58,793 - werkzeug - INFO -  * Detected change in '/Users/nevo/Desktop/Nevo Project john brice/Big Project/PyPL/backend/app.py', reloading
2025-01-22 08:00:58,873 - werkzeug - INFO -  * Restarting with stat
2025-01-22 08:00:59,110 - BackendLogger - INFO - Processing request with data: {'key': 'value'}
2025-01-22 08:00:59,110 - BackendLogger - INFO - Processing request with data: None
2025-01-22 08:00:59,110 - BackendLogger - ERROR - An error occurred: Invalid data provided
2025-01-22 08:00:59,173 - werkzeug - WARNING -  * Debugger is active!
2025-01-22 08:00:59,181 - werkzeug - INFO -  * Debugger PIN: 118-698-755
2025-01-22 08:01:02,231 - werkzeug - INFO -  * Detected change in '/Users/nevo/Desktop/Nevo Project john brice/Big Project/PyPL/backend/app.py', reloading
2025-01-22 08:01:02,321 - werkzeug - INFO -  * Restarting with stat
2025-01-22 08:01:02,512 - BackendLogger - INFO - Processing request with data: {'key': 'value'}
2025-01-22 08:01:02,512 - BackendLogger - INFO - Processing request with data: None
2025-01-22 08:01:02,512 - BackendLogger - ERROR - An error occurred: Invalid data provided
2025-01-22 08:01:02,580 - werkzeug - WARNING -  * Debugger is active!
2025-01-22 08:01:02,587 - werkzeug - INFO -  * Debugger PIN: 108-899-997
2025-01-22 08:01:03,605 - werkzeug - INFO -  * Detected change in '/Users/nevo/Desktop/Nevo Project john brice/Big Project/PyPL/backend/app.py', reloading
2025-01-22 08:01:03,685 - werkzeug - INFO -  * Restarting with stat
2025-01-22 08:01:06,854 - werkzeug - INFO -  * Restarting with stat
2025-01-22 08:01:07,042 - BackendLogger - INFO - Processing request with data: {'key': 'value'}
2025-01-22 08:01:07,042 - BackendLogger - INFO - Processing request with data: None
2025-01-22 08:01:07,042 - BackendLogger - ERROR - An error occurred: Invalid data provided
2025-01-22 08:01:07,109 - werkzeug - WARNING -  * Debugger is active!
2025-01-22 08:01:07,117 - werkzeug - INFO -  * Debugger PIN: 108-899-997
2025-01-22 08:01:10,162 - werkzeug - INFO -  * Detected change in '/Users/nevo/Desktop/Nevo Project john brice/Big Project/PyPL/backend/app.py', reloading
2025-01-22 08:01:10,237 - werkzeug - INFO -  * Restarting with stat
2025-01-22 08:01:11,423 - werkzeug - INFO -  * Restarting with stat
2025-01-22 08:01:11,610 - BackendLogger - INFO - Processing request with data: {'key': 'value'}
2025-01-22 08:01:11,611 - BackendLogger - INFO - Processing request with data: None
2025-01-22 08:01:11,611 - BackendLogger - ERROR - An error occurred: Invalid data provided
2025-01-22 08:01:11,673 - werkzeug - WARNING -  * Debugger is active!
2025-01-22 08:01:11,680 - werkzeug - INFO -  * Debugger PIN: 118-698-755
2025-01-22 08:01:12,696 - werkzeug - INFO -  * Detected change in '/Users/nevo/Desktop/Nevo Project john brice/Big Project/PyPL/backend/app.py', reloading
2025-01-22 08:01:12,763 - werkzeug - INFO -  * Restarting with stat
2025-01-22 08:01:12,950 - BackendLogger - INFO - Processing request with data: {'key': 'value'}
2025-01-22 08:01:12,951 - BackendLogger - INFO - Processing request with data: None
2025-01-22 08:01:12,951 - BackendLogger - ERROR - An error occurred: Invalid data provided
2025-01-22 08:01:13,023 - werkzeug - WARNING -  * Debugger is active!
2025-01-22 08:01:13,029 - werkzeug - INFO -  * Debugger PIN: 118-698-755
2025-01-22 08:01:15,070 - werkzeug - INFO -  * Detected change in '/Users/nevo/Desktop/Nevo Project john brice/Big Project/PyPL/backend/app.py', reloading
2025-01-22 08:01:15,152 - werkzeug - INFO -  * Restarting with stat
2025-01-22 08:01:15,344 - BackendLogger - INFO - Processing request with data: {'key': 'value'}
2025-01-22 08:01:15,344 - BackendLogger - INFO - Processing request with data: None
2025-01-22 08:01:15,344 - BackendLogger - ERROR - An error occurred: Invalid data provided
2025-01-22 08:01:15,411 - werkzeug - WARNING -  * Debugger is active!
2025-01-22 08:01:15,417 - werkzeug - INFO -  * Debugger PIN: 108-899-997
2025-01-22 08:01:16,442 - werkzeug - INFO -  * Detected change in '/Users/nevo/Desktop/Nevo Project john brice/Big Project/PyPL/backend/app.py', reloading
2025-01-22 08:01:16,522 - werkzeug - INFO -  * Restarting with stat
2025-01-22 08:01:16,737 - BackendLogger - INFO - Processing request with data: {'key': 'value'}
2025-01-22 08:01:16,737 - BackendLogger - INFO - Processing request with data: None
2025-01-22 08:01:16,737 - BackendLogger - ERROR - An error occurred: Invalid data provided
2025-01-22 08:01:16,800 - werkzeug - WARNING -  * Debugger is active!
2025-01-22 08:01:16,807 - werkzeug - INFO -  * Debugger PIN: 118-698-755
2025-01-22 08:01:21,864 - werkzeug - INFO -  * Detected change in '/Users/nevo/Desktop/Nevo Project john brice/Big Project/PyPL/backend/app.py', reloading
2025-01-22 08:01:21,932 - werkzeug - INFO -  * Restarting with stat
2025-01-22 08:01:27,143 - werkzeug - INFO -  * Restarting with stat
2025-01-22 08:01:27,355 - BackendLogger - INFO - Processing request with data: {'key': 'value'}
2025-01-22 08:01:27,355 - BackendLogger - INFO - Processing request with data: None
2025-01-22 08:01:27,355 - BackendLogger - ERROR - An error occurred: Invalid data provided
2025-01-22 08:01:27,417 - werkzeug - WARNING -  * Debugger is active!
2025-01-22 08:01:27,424 - werkzeug - INFO -  * Debugger PIN: 118-698-755
2025-01-22 08:01:28,443 - werkzeug - INFO -  * Detected change in '/Users/nevo/Desktop/Nevo Project john brice/Big Project/PyPL/backend/app.py', reloading
2025-01-22 08:01:28,516 - werkzeug - INFO -  * Restarting with stat
2025-01-22 08:01:28,698 - BackendLogger - INFO - Processing request with data: {'key': 'value'}
2025-01-22 08:01:28,698 - BackendLogger - INFO - Processing request with data: None
2025-01-22 08:01:28,698 - BackendLogger - ERROR - An error occurred: Invalid data provided
2025-01-22 08:01:28,759 - werkzeug - WARNING -  * Debugger is active!
2025-01-22 08:01:28,767 - werkzeug - INFO -  * Debugger PIN: 118-698-755
2025-01-22 08:01:30,816 - werkzeug - INFO -  * Detected change in '/Users/nevo/Desktop/Nevo Project john brice/Big Project/PyPL/backend/app.py', reloading
2025-01-22 08:01:30,896 - werkzeug - INFO -  * Restarting with stat
2025-01-22 08:01:31,077 - BackendLogger - INFO - Processing request with data: {'key': 'value'}
2025-01-22 08:01:31,078 - BackendLogger - INFO - Processing request with data: None
2025-01-22 08:01:31,078 - BackendLogger - ERROR - An error occurred: Invalid data provided
2025-01-22 08:01:31,138 - werkzeug - WARNING -  * Debugger is active!
2025-01-22 08:01:31,145 - werkzeug - INFO -  * Debugger PIN: 118-698-755
2025-01-22 08:01:34,181 - werkzeug - INFO -  * Detected change in '/Users/nevo/Desktop/Nevo Project john brice/Big Project/PyPL/backend/app.py', reloading
2025-01-22 08:01:34,261 - werkzeug - INFO -  * Restarting with stat
2025-01-22 08:01:34,446 - BackendLogger - INFO - Processing request with data: {'key': 'value'}
2025-01-22 08:01:34,446 - BackendLogger - INFO - Processing request with data: None
2025-01-22 08:01:34,447 - BackendLogger - ERROR - An error occurred: Invalid data provided
2025-01-22 08:01:34,533 - werkzeug - WARNING -  * Debugger is active!
2025-01-22 08:01:34,547 - werkzeug - INFO -  * Debugger PIN: 118-698-755
2025-01-22 08:01:36,573 - werkzeug - INFO -  * Detected change in '/Users/nevo/Desktop/Nevo Project john brice/Big Project/PyPL/backend/app.py', reloading
2025-01-22 08:01:36,635 - werkzeug - INFO -  * Restarting with stat
2025-01-22 08:01:36,826 - BackendLogger - INFO - Processing request with data: {'key': 'value'}
2025-01-22 08:01:36,827 - BackendLogger - INFO - Processing request with data: None
2025-01-22 08:01:36,827 - BackendLogger - ERROR - An error occurred: Invalid data provided
2025-01-22 08:01:36,889 - werkzeug - WARNING -  * Debugger is active!
2025-01-22 08:01:36,897 - werkzeug - INFO -  * Debugger PIN: 118-698-755
2025-01-22 08:01:37,915 - werkzeug - INFO -  * Detected change in '/Users/nevo/Desktop/Nevo Project john brice/Big Project/PyPL/backend/app.py', reloading
2025-01-22 08:01:37,999 - werkzeug - INFO -  * Restarting with stat
2025-01-22 08:01:38,185 - BackendLogger - INFO - Processing request with data: {'key': 'value'}
2025-01-22 08:01:38,186 - BackendLogger - INFO - Processing request with data: None
2025-01-22 08:01:38,186 - BackendLogger - ERROR - An error occurred: Invalid data provided
2025-01-22 08:01:38,251 - werkzeug - WARNING -  * Debugger is active!
2025-01-22 08:01:38,257 - werkzeug - INFO -  * Debugger PIN: 118-698-755
2025-01-22 08:01:42,295 - werkzeug - INFO -  * Detected change in '/Users/nevo/Desktop/Nevo Project john brice/Big Project/PyPL/backend/app.py', reloading
2025-01-22 08:01:42,374 - werkzeug - INFO -  * Restarting with stat
2025-01-22 08:01:42,557 - BackendLogger - INFO - Processing request with data: {'key': 'value'}
2025-01-22 08:01:42,558 - BackendLogger - INFO - Processing request with data: None
2025-01-22 08:01:42,558 - BackendLogger - ERROR - An error occurred: Invalid data provided
2025-01-22 08:01:42,624 - werkzeug - WARNING -  * Debugger is active!
2025-01-22 08:01:42,631 - werkzeug - INFO -  * Debugger PIN: 118-698-755
2025-01-22 08:01:44,669 - werkzeug - INFO -  * Detected change in '/Users/nevo/Desktop/Nevo Project john brice/Big Project/PyPL/backend/app.py', reloading
2025-01-22 08:01:44,749 - werkzeug - INFO -  * Restarting with stat
2025-01-22 08:01:47,940 - werkzeug - INFO -  * Restarting with stat
2025-01-22 08:01:48,133 - BackendLogger - INFO - Processing request with data: {'key': 'value'}
2025-01-22 08:01:48,133 - BackendLogger - INFO - Processing request with data: None
2025-01-22 08:01:48,133 - BackendLogger - ERROR - An error occurred: Invalid data provided
2025-01-22 08:01:48,196 - werkzeug - WARNING -  * Debugger is active!
2025-01-22 08:01:48,204 - werkzeug - INFO -  * Debugger PIN: 118-698-755
2025-01-22 08:01:52,252 - werkzeug - INFO -  * Detected change in '/Users/nevo/Desktop/Nevo Project john brice/Big Project/PyPL/backend/app.py', reloading
2025-01-22 08:01:52,334 - werkzeug - INFO -  * Restarting with stat
2025-01-22 08:01:52,513 - BackendLogger - INFO - Processing request with data: {'key': 'value'}
2025-01-22 08:01:52,513 - BackendLogger - INFO - Processing request with data: None
2025-01-22 08:01:52,513 - BackendLogger - ERROR - An error occurred: Invalid data provided
2025-01-22 08:01:52,573 - werkzeug - WARNING -  * Debugger is active!
2025-01-22 08:01:52,581 - werkzeug - INFO -  * Debugger PIN: 118-698-755
2025-01-22 08:01:54,622 - werkzeug - INFO -  * Detected change in '/Users/nevo/Desktop/Nevo Project john brice/Big Project/PyPL/backend/app.py', reloading
2025-01-22 08:01:54,699 - werkzeug - INFO -  * Restarting with stat
2025-01-22 08:01:56,883 - werkzeug - INFO -  * Restarting with stat
2025-01-22 08:01:59,069 - werkzeug - INFO -  * Restarting with stat
2025-01-22 08:02:12,325 - werkzeug - INFO -  * Restarting with stat
2025-01-22 08:02:14,505 - werkzeug - INFO -  * Restarting with stat
2025-01-22 08:02:16,697 - werkzeug - INFO -  * Restarting with stat
2025-01-22 08:02:17,893 - werkzeug - INFO -  * Restarting with stat
2025-01-22 08:02:20,090 - werkzeug - INFO -  * Restarting with stat
2025-01-22 08:02:20,281 - BackendLogger - INFO - Processing request with data: {'key': 'value'}
2025-01-22 08:02:20,281 - BackendLogger - INFO - Processing request with data: None
2025-01-22 08:02:20,281 - BackendLogger - ERROR - An error occurred: Invalid data provided
2025-01-22 08:02:20,341 - werkzeug - WARNING -  * Debugger is active!
2025-01-22 08:02:20,348 - werkzeug - INFO -  * Debugger PIN: 118-698-755
2025-01-22 08:02:24,404 - werkzeug - INFO -  * Detected change in '/Users/nevo/Desktop/Nevo Project john brice/Big Project/PyPL/backend/app.py', reloading
2025-01-22 08:02:24,495 - werkzeug - INFO -  * Restarting with stat
2025-01-22 08:02:28,688 - werkzeug - INFO -  * Restarting with stat
2025-01-22 08:02:28,879 - BackendLogger - INFO - Processing request with data: {'key': 'value'}
2025-01-22 08:02:28,879 - BackendLogger - INFO - Processing request with data: None
2025-01-22 08:02:28,879 - BackendLogger - ERROR - An error occurred: Invalid data provided
2025-01-22 08:02:28,942 - werkzeug - WARNING -  * Debugger is active!
2025-01-22 08:02:28,950 - werkzeug - INFO -  * Debugger PIN: 118-698-755
2025-01-22 08:06:54,424 - BackendLogger - INFO - Processing request with data: {'key': 'value'}
2025-01-22 08:06:54,424 - BackendLogger - INFO - Processing request with data: None
2025-01-22 08:06:54,424 - BackendLogger - ERROR - An error occurred: Invalid data provided
2025-01-22 08:07:53,437 - BackendLogger - INFO - Processing request with data: {'key': 'value'}
2025-01-22 08:07:53,438 - BackendLogger - INFO - Processing request with data: None
2025-01-22 08:07:53,438 - BackendLogger - ERROR - An error occurred: Invalid data provided
2025-01-22 08:09:35,371 - BackendLogger - INFO - Processing request with data: {'key': 'value'}
2025-01-22 08:09:35,371 - BackendLogger - INFO - Processing request with data: None
2025-01-22 08:09:35,371 - BackendLogger - ERROR - An error occurred: Invalid data provided
2025-01-22 08:11:51,471 - BackendLogger - INFO - Processing request with data: {'key': 'value'}
2025-01-22 08:11:51,471 - BackendLogger - INFO - Processing request with data: None
2025-01-22 08:11:51,471 - BackendLogger - ERROR - An error occurred: Invalid data provided
2025-01-22 08:11:51,781 - BackendLogger - INFO - Processing request with data: {'key': 'value'}
2025-01-22 08:11:51,781 - BackendLogger - INFO - Processing request with data: None
2025-01-22 08:11:51,781 - BackendLogger - ERROR - An error occurred: Invalid data provided
2025-01-22 08:11:52,059 - BackendLogger - INFO - Processing request with data: {'key': 'value'}
2025-01-22 08:11:52,059 - BackendLogger - INFO - Processing request with data: None
2025-01-22 08:11:52,059 - BackendLogger - ERROR - An error occurred: Invalid data provided
2025-01-22 08:12:48,163 - BackendLogger - INFO - Processing request with data: {'key': 'value'}
2025-01-22 08:12:48,164 - BackendLogger - INFO - Processing request with data: None
2025-01-22 08:12:48,164 - BackendLogger - ERROR - An error occurred: Invalid data provided
2025-01-22 08:12:54,188 - BackendLogger - INFO - Processing request with data: {'key': 'value'}
2025-01-22 08:12:54,189 - BackendLogger - INFO - Processing request with data: None
2025-01-22 08:12:54,189 - BackendLogger - ERROR - An error occurred: Invalid data provided
2025-01-22 08:14:18,088 - BackendLogger - INFO - Processing request with data: {'key': 'value'}
2025-01-22 08:14:18,088 - BackendLogger - INFO - Processing request with data: None
2025-01-22 08:14:18,088 - BackendLogger - ERROR - An error occurred: Invalid data provided
2025-01-22 08:15:42,934 - BackendLogger - INFO - Processing request with data: {'key': 'value'}
2025-01-22 08:15:42,934 - BackendLogger - INFO - Processing request with data: None
2025-01-22 08:15:42,935 - BackendLogger - ERROR - An error occurred: Invalid data provided
2025-01-22 08:24:47,109 - BackendLogger - INFO - Processing request with data: {'key': 'value'}
2025-01-22 08:24:47,109 - BackendLogger - INFO - Processing request with data: None
2025-01-22 08:24:47,109 - BackendLogger - ERROR - An error occurred: Invalid data provided
2025-01-22 08:29:17,943 - BackendLogger - INFO - Processing request with data: {'key': 'value'}
2025-01-22 08:29:17,943 - BackendLogger - INFO - Processing request with data: None
2025-01-22 08:29:17,944 - BackendLogger - ERROR - An error occurred: Invalid data provided
2025-01-22 08:30:47,329 - BackendLogger - INFO - Processing request with data: {'key': 'value'}
2025-01-22 08:30:47,329 - BackendLogger - INFO - Processing request with data: None
2025-01-22 08:30:47,329 - BackendLogger - ERROR - An error occurred: Invalid data provided
2025-01-22 08:31:43,003 - BackendLogger - INFO - Processing request with data: {'key': 'value'}
2025-01-22 08:31:43,004 - BackendLogger - INFO - Processing request with data: None
2025-01-22 08:31:43,004 - BackendLogger - ERROR - An error occurred: Invalid data provided
2025-01-22 08:31:43,108 - werkzeug - INFO - [31m[1mWARNING: This is a development server. Do not use it in a production deployment. Use a production WSGI server instead.[0m
 * Running on http://127.0.0.1:5000
2025-01-22 08:31:43,108 - werkzeug - INFO - [33mPress CTRL+C to quit[0m
2025-01-22 08:31:43,109 - werkzeug - INFO -  * Restarting with stat
2025-01-22 08:31:43,292 - BackendLogger - INFO - Processing request with data: {'key': 'value'}
2025-01-22 08:31:43,292 - BackendLogger - INFO - Processing request with data: None
2025-01-22 08:31:43,292 - BackendLogger - ERROR - An error occurred: Invalid data provided
2025-01-22 08:31:43,356 - werkzeug - WARNING -  * Debugger is active!
2025-01-22 08:31:43,366 - werkzeug - INFO -  * Debugger PIN: 108-899-997
2025-01-22 08:31:56,495 - werkzeug - INFO - 127.0.0.1 - - [22/Jan/2025 08:31:56] "GET / HTTP/1.1" 200 -
2025-01-22 08:32:02,320 - werkzeug - INFO - 127.0.0.1 - - [22/Jan/2025 08:32:02] "GET /books HTTP/1.1" 200 -
2025-01-22 08:34:51,536 - werkzeug - INFO - 127.0.0.1 - - [22/Jan/2025 08:34:51] "[31m[1mPOST /books HTTP/1.1[0m" 400 -
2025-01-22 08:34:56,286 - werkzeug - INFO - 127.0.0.1 - - [22/Jan/2025 08:34:56] "[31m[1mPOST /books HTTP/1.1[0m" 400 -
2025-01-22 08:35:01,404 - werkzeug - INFO - 127.0.0.1 - - [22/Jan/2025 08:35:01] "[31m[1mPOST /books HTTP/1.1[0m" 400 -
2025-01-22 08:35:10,988 - werkzeug - INFO - 127.0.0.1 - - [22/Jan/2025 08:35:10] "[31m[1mPOST /books HTTP/1.1[0m" 400 -
2025-01-22 08:35:39,252 - werkzeug - INFO - 127.0.0.1 - - [22/Jan/2025 08:35:39] "[35m[1mPOST /books HTTP/1.1[0m" 500 -
2025-01-22 08:35:39,288 - werkzeug - INFO - 127.0.0.1 - - [22/Jan/2025 08:35:39] "[36mGET /books?__debugger__=yes&cmd=resource&f=style.css HTTP/1.1[0m" 304 -
2025-01-22 08:35:39,288 - werkzeug - INFO - 127.0.0.1 - - [22/Jan/2025 08:35:39] "GET /books?__debugger__=yes&cmd=resource&f=debugger.js HTTP/1.1" 200 -
2025-01-22 08:35:39,296 - werkzeug - INFO - 127.0.0.1 - - [22/Jan/2025 08:35:39] "GET /books?__debugger__=yes&cmd=resource&f=console.png&s=0Wax0XmywAIZp5dF9FXk HTTP/1.1" 200 -
2025-01-22 08:35:56,991 - werkzeug - INFO -  * Detected change in '/Users/nevo/Desktop/Nevo Project john brice/Big Project/PyPL/backend/app.py', reloading
2025-01-22 08:35:57,085 - werkzeug - INFO -  * Restarting with stat
2025-01-22 08:35:57,360 - BackendLogger - INFO - Processing request with data: {'key': 'value'}
2025-01-22 08:35:57,360 - BackendLogger - INFO - Processing request with data: None
2025-01-22 08:35:57,360 - BackendLogger - ERROR - An error occurred: Invalid data provided
2025-01-22 08:35:57,454 - werkzeug - WARNING -  * Debugger is active!
2025-01-22 08:35:57,462 - werkzeug - INFO -  * Debugger PIN: 108-899-997
2025-01-22 08:36:33,447 - werkzeug - INFO - 127.0.0.1 - - [22/Jan/2025 08:36:33] "[35m[1mPOST /books HTTP/1.1[0m" 500 -
2025-01-22 08:36:33,480 - werkzeug - INFO - 127.0.0.1 - - [22/Jan/2025 08:36:33] "[36mGET /books?__debugger__=yes&cmd=resource&f=debugger.js HTTP/1.1[0m" 304 -
2025-01-22 08:36:33,481 - werkzeug - INFO - 127.0.0.1 - - [22/Jan/2025 08:36:33] "[36mGET /books?__debugger__=yes&cmd=resource&f=style.css HTTP/1.1[0m" 304 -
2025-01-22 08:36:33,488 - werkzeug - INFO - 127.0.0.1 - - [22/Jan/2025 08:36:33] "GET /books?__debugger__=yes&cmd=resource&f=console.png&s=RFNb4HghhW6HfbkEjPmf HTTP/1.1" 200 -
2025-01-22 08:36:59,297 - werkzeug - INFO -  * Detected change in '/Users/nevo/Desktop/Nevo Project john brice/Big Project/PyPL/backend/app.py', reloading
2025-01-22 08:36:59,380 - werkzeug - INFO -  * Restarting with stat
2025-01-22 08:36:59,659 - BackendLogger - INFO - Processing request with data: {'key': 'value'}
2025-01-22 08:36:59,659 - BackendLogger - INFO - Processing request with data: None
2025-01-22 08:36:59,659 - BackendLogger - ERROR - An error occurred: Invalid data provided
2025-01-22 08:36:59,752 - werkzeug - WARNING -  * Debugger is active!
2025-01-22 08:36:59,760 - werkzeug - INFO -  * Debugger PIN: 108-899-997
2025-01-22 08:37:03,818 - werkzeug - INFO -  * Detected change in '/Users/nevo/Desktop/Nevo Project john brice/Big Project/PyPL/backend/app.py', reloading
2025-01-22 08:37:03,930 - werkzeug - INFO -  * Restarting with stat
2025-01-22 08:37:04,119 - BackendLogger - INFO - Processing request with data: {'key': 'value'}
2025-01-22 08:37:04,119 - BackendLogger - INFO - Processing request with data: None
2025-01-22 08:37:04,119 - BackendLogger - ERROR - An error occurred: Invalid data provided
2025-01-22 08:37:04,186 - werkzeug - WARNING -  * Debugger is active!
2025-01-22 08:37:04,193 - werkzeug - INFO -  * Debugger PIN: 108-899-997
2025-01-22 08:37:07,396 - werkzeug - INFO - 127.0.0.1 - - [22/Jan/2025 08:37:07] "[35m[1mPOST /books HTTP/1.1[0m" 500 -
2025-01-22 08:37:07,431 - werkzeug - INFO - 127.0.0.1 - - [22/Jan/2025 08:37:07] "[36mGET /books?__debugger__=yes&cmd=resource&f=style.css HTTP/1.1[0m" 304 -
2025-01-22 08:37:07,431 - werkzeug - INFO - 127.0.0.1 - - [22/Jan/2025 08:37:07] "[36mGET /books?__debugger__=yes&cmd=resource&f=debugger.js HTTP/1.1[0m" 304 -
2025-01-22 08:37:07,438 - werkzeug - INFO - 127.0.0.1 - - [22/Jan/2025 08:37:07] "GET /books?__debugger__=yes&cmd=resource&f=console.png&s=3gJUP3DwByAR2ly5fAsM HTTP/1.1" 200 -
2025-01-22 08:37:33,779 - werkzeug - INFO - 127.0.0.1 - - [22/Jan/2025 08:37:33] "[35m[1mPOST /books HTTP/1.1[0m" 500 -
2025-01-22 08:37:33,810 - werkzeug - INFO - 127.0.0.1 - - [22/Jan/2025 08:37:33] "[36mGET /books?__debugger__=yes&cmd=resource&f=style.css HTTP/1.1[0m" 304 -
2025-01-22 08:37:33,810 - werkzeug - INFO - 127.0.0.1 - - [22/Jan/2025 08:37:33] "[36mGET /books?__debugger__=yes&cmd=resource&f=debugger.js HTTP/1.1[0m" 304 -
2025-01-22 08:37:33,814 - werkzeug - INFO - 127.0.0.1 - - [22/Jan/2025 08:37:33] "[36mGET /books?__debugger__=yes&cmd=resource&f=console.png&s=3gJUP3DwByAR2ly5fAsM HTTP/1.1[0m" 304 -
2025-01-22 08:38:56,701 - werkzeug - INFO -  * Detected change in '/Users/nevo/Desktop/Nevo Project john brice/Big Project/PyPL/backend/app.py', reloading
2025-01-22 08:38:56,810 - werkzeug - INFO -  * Restarting with stat
2025-01-22 08:38:57,093 - BackendLogger - INFO - Processing request with data: {'key': 'value'}
2025-01-22 08:38:57,093 - BackendLogger - INFO - Processing request with data: None
2025-01-22 08:38:57,093 - BackendLogger - ERROR - An error occurred: Invalid data provided
2025-01-22 08:38:57,192 - werkzeug - WARNING -  * Debugger is active!
2025-01-22 08:38:57,201 - werkzeug - INFO -  * Debugger PIN: 108-899-997
2025-01-22 08:38:57,227 - werkzeug - INFO - 127.0.0.1 - - [22/Jan/2025 08:38:57] "[35m[1mPOST /books HTTP/1.1[0m" 500 -
2025-01-22 08:38:57,248 - werkzeug - INFO - 127.0.0.1 - - [22/Jan/2025 08:38:57] "[36mGET /books?__debugger__=yes&cmd=resource&f=style.css HTTP/1.1[0m" 304 -
2025-01-22 08:38:57,248 - werkzeug - INFO - 127.0.0.1 - - [22/Jan/2025 08:38:57] "[36mGET /books?__debugger__=yes&cmd=resource&f=debugger.js HTTP/1.1[0m" 304 -
2025-01-22 08:38:57,254 - werkzeug - INFO - 127.0.0.1 - - [22/Jan/2025 08:38:57] "GET /books?__debugger__=yes&cmd=resource&f=console.png&s=PyFaOuuqdz0dM4MFUs4V HTTP/1.1" 200 -
2025-01-22 08:39:23,577 - werkzeug - INFO -  * Detected change in '/Users/nevo/Desktop/Nevo Project john brice/Big Project/PyPL/backend/app.py', reloading
2025-01-22 08:39:23,691 - werkzeug - INFO -  * Restarting with stat
2025-01-22 08:39:23,949 - BackendLogger - INFO - Processing request with data: {'key': 'value'}
2025-01-22 08:39:23,949 - BackendLogger - INFO - Processing request with data: None
2025-01-22 08:39:23,949 - BackendLogger - ERROR - An error occurred: Invalid data provided
2025-01-22 08:39:24,040 - werkzeug - WARNING -  * Debugger is active!
2025-01-22 08:39:24,047 - werkzeug - INFO -  * Debugger PIN: 108-899-997
2025-01-22 08:39:52,781 - werkzeug - INFO - 127.0.0.1 - - [22/Jan/2025 08:39:52] "[35m[1mPOST /books HTTP/1.1[0m" 500 -
2025-01-22 08:39:52,811 - werkzeug - INFO - 127.0.0.1 - - [22/Jan/2025 08:39:52] "[36mGET /books?__debugger__=yes&cmd=resource&f=style.css HTTP/1.1[0m" 304 -
2025-01-22 08:39:52,811 - werkzeug - INFO - 127.0.0.1 - - [22/Jan/2025 08:39:52] "[36mGET /books?__debugger__=yes&cmd=resource&f=debugger.js HTTP/1.1[0m" 304 -
2025-01-22 08:39:52,817 - werkzeug - INFO - 127.0.0.1 - - [22/Jan/2025 08:39:52] "GET /books?__debugger__=yes&cmd=resource&f=console.png&s=FIoROaHMd8AJs6Sl8g7M HTTP/1.1" 200 -
2025-01-22 08:41:03,371 - werkzeug - INFO -  * Detected change in '/Users/nevo/Desktop/Nevo Project john brice/Big Project/PyPL/backend/app.py', reloading
2025-01-22 08:41:03,463 - werkzeug - INFO -  * Restarting with stat
2025-01-22 08:41:03,765 - BackendLogger - INFO - Processing request with data: {'key': 'value'}
2025-01-22 08:41:03,765 - BackendLogger - INFO - Processing request with data: None
2025-01-22 08:41:03,765 - BackendLogger - ERROR - An error occurred: Invalid data provided
2025-01-22 08:41:03,858 - werkzeug - WARNING -  * Debugger is active!
2025-01-22 08:41:03,868 - werkzeug - INFO -  * Debugger PIN: 118-698-755
2025-01-22 08:41:07,916 - werkzeug - INFO -  * Detected change in '/Users/nevo/Desktop/Nevo Project john brice/Big Project/PyPL/backend/app.py', reloading
2025-01-22 08:41:07,992 - werkzeug - INFO -  * Restarting with stat
2025-01-22 08:41:08,181 - BackendLogger - INFO - Processing request with data: {'key': 'value'}
2025-01-22 08:41:08,181 - BackendLogger - INFO - Processing request with data: None
2025-01-22 08:41:08,181 - BackendLogger - ERROR - An error occurred: Invalid data provided
2025-01-22 08:41:08,248 - werkzeug - WARNING -  * Debugger is active!
2025-01-22 08:41:08,254 - werkzeug - INFO -  * Debugger PIN: 108-899-997
2025-01-22 08:41:49,404 - werkzeug - INFO - 127.0.0.1 - - [22/Jan/2025 08:41:49] "[35m[1mPOST /books HTTP/1.1[0m" 500 -
2025-01-22 08:41:49,436 - werkzeug - INFO - 127.0.0.1 - - [22/Jan/2025 08:41:49] "[36mGET /books?__debugger__=yes&cmd=resource&f=style.css HTTP/1.1[0m" 304 -
2025-01-22 08:41:49,436 - werkzeug - INFO - 127.0.0.1 - - [22/Jan/2025 08:41:49] "[36mGET /books?__debugger__=yes&cmd=resource&f=debugger.js HTTP/1.1[0m" 304 -
2025-01-22 08:41:49,443 - werkzeug - INFO - 127.0.0.1 - - [22/Jan/2025 08:41:49] "GET /books?__debugger__=yes&cmd=resource&f=console.png&s=V2jOoeGedheoNwAtQZcF HTTP/1.1" 200 -
2025-01-22 08:45:41,386 - werkzeug - INFO - 127.0.0.1 - - [22/Jan/2025 08:45:41] "[35m[1mPOST /books HTTP/1.1[0m" 500 -
2025-01-22 08:45:41,422 - werkzeug - INFO - 127.0.0.1 - - [22/Jan/2025 08:45:41] "[36mGET /books?__debugger__=yes&cmd=resource&f=style.css HTTP/1.1[0m" 304 -
2025-01-22 08:45:41,422 - werkzeug - INFO - 127.0.0.1 - - [22/Jan/2025 08:45:41] "[36mGET /books?__debugger__=yes&cmd=resource&f=debugger.js HTTP/1.1[0m" 304 -
2025-01-22 08:45:41,427 - werkzeug - INFO - 127.0.0.1 - - [22/Jan/2025 08:45:41] "[36mGET /books?__debugger__=yes&cmd=resource&f=console.png&s=V2jOoeGedheoNwAtQZcF HTTP/1.1[0m" 304 -
2025-01-22 08:48:27,318 - werkzeug - INFO -  * Detected change in '/Users/nevo/Desktop/Nevo Project john brice/Big Project/PyPL/backend/app.py', reloading
2025-01-22 08:48:27,415 - werkzeug - INFO -  * Restarting with stat
2025-01-22 08:48:30,677 - werkzeug - INFO -  * Restarting with stat
2025-01-22 08:48:30,907 - BackendLogger - INFO - Processing request with data: {'key': 'value'}
2025-01-22 08:48:30,907 - BackendLogger - INFO - Processing request with data: None
2025-01-22 08:48:30,907 - BackendLogger - ERROR - An error occurred: Invalid data provided
2025-01-22 08:48:31,002 - werkzeug - WARNING -  * Debugger is active!
2025-01-22 08:48:31,009 - werkzeug - INFO -  * Debugger PIN: 108-899-997
2025-01-22 08:48:32,026 - werkzeug - INFO -  * Detected change in '/Users/nevo/Desktop/Nevo Project john brice/Big Project/PyPL/backend/app.py', reloading
2025-01-22 08:48:32,102 - werkzeug - INFO -  * Restarting with stat
2025-01-22 08:48:32,282 - BackendLogger - INFO - Processing request with data: {'key': 'value'}
2025-01-22 08:48:32,282 - BackendLogger - INFO - Processing request with data: None
2025-01-22 08:48:32,282 - BackendLogger - ERROR - An error occurred: Invalid data provided
2025-01-22 08:48:32,358 - werkzeug - WARNING -  * Debugger is active!
2025-01-22 08:48:32,364 - werkzeug - INFO -  * Debugger PIN: 108-899-997
2025-01-22 08:48:33,376 - werkzeug - INFO -  * Detected change in '/Users/nevo/Desktop/Nevo Project john brice/Big Project/PyPL/backend/app.py', reloading
2025-01-22 08:48:33,435 - werkzeug - INFO -  * Restarting with stat
2025-01-22 08:48:33,618 - BackendLogger - INFO - Processing request with data: {'key': 'value'}
2025-01-22 08:48:33,618 - BackendLogger - INFO - Processing request with data: None
2025-01-22 08:48:33,618 - BackendLogger - ERROR - An error occurred: Invalid data provided
2025-01-22 08:48:33,683 - werkzeug - WARNING -  * Debugger is active!
2025-01-22 08:48:33,689 - werkzeug - INFO -  * Debugger PIN: 108-899-997
2025-01-22 08:48:35,716 - werkzeug - INFO -  * Detected change in '/Users/nevo/Desktop/Nevo Project john brice/Big Project/PyPL/backend/app.py', reloading
2025-01-22 08:48:35,800 - werkzeug - INFO -  * Restarting with stat
2025-01-22 08:48:35,986 - BackendLogger - INFO - Processing request with data: {'key': 'value'}
2025-01-22 08:48:35,986 - BackendLogger - INFO - Processing request with data: None
2025-01-22 08:48:35,986 - BackendLogger - ERROR - An error occurred: Invalid data provided
2025-01-22 08:48:36,053 - werkzeug - WARNING -  * Debugger is active!
2025-01-22 08:48:36,060 - werkzeug - INFO -  * Debugger PIN: 108-899-997
2025-01-22 08:48:57,361 - werkzeug - INFO -  * Detected change in '/Users/nevo/Desktop/Nevo Project john brice/Big Project/PyPL/backend/app.py', reloading
2025-01-22 08:48:57,447 - werkzeug - INFO -  * Restarting with stat
2025-01-22 08:49:00,707 - werkzeug - INFO -  * Restarting with stat
2025-01-22 08:49:00,949 - BackendLogger - INFO - Processing request with data: {'key': 'value'}
2025-01-22 08:49:00,949 - BackendLogger - INFO - Processing request with data: None
2025-01-22 08:49:00,949 - BackendLogger - ERROR - An error occurred: Invalid data provided
2025-01-22 08:49:01,034 - werkzeug - WARNING -  * Debugger is active!
2025-01-22 08:49:01,040 - werkzeug - INFO -  * Debugger PIN: 108-899-997
2025-01-22 08:49:03,062 - werkzeug - INFO -  * Detected change in '/Users/nevo/Desktop/Nevo Project john brice/Big Project/PyPL/backend/app.py', reloading
2025-01-22 08:49:03,129 - werkzeug - INFO -  * Restarting with stat
2025-01-22 08:49:03,314 - BackendLogger - INFO - Processing request with data: {'key': 'value'}
2025-01-22 08:49:03,314 - BackendLogger - INFO - Processing request with data: None
2025-01-22 08:49:03,314 - BackendLogger - ERROR - An error occurred: Invalid data provided
2025-01-22 08:49:03,380 - werkzeug - WARNING -  * Debugger is active!
2025-01-22 08:49:03,388 - werkzeug - INFO -  * Debugger PIN: 108-899-997
2025-01-22 08:49:04,409 - werkzeug - INFO -  * Detected change in '/Users/nevo/Desktop/Nevo Project john brice/Big Project/PyPL/backend/app.py', reloading
2025-01-22 08:49:04,492 - werkzeug - INFO -  * Restarting with stat
2025-01-22 08:49:04,678 - BackendLogger - INFO - Processing request with data: {'key': 'value'}
2025-01-22 08:49:04,678 - BackendLogger - INFO - Processing request with data: None
2025-01-22 08:49:04,678 - BackendLogger - ERROR - An error occurred: Invalid data provided
2025-01-22 08:49:04,744 - werkzeug - WARNING -  * Debugger is active!
2025-01-22 08:49:04,750 - werkzeug - INFO -  * Debugger PIN: 108-899-997
2025-01-22 08:49:18,943 - werkzeug - INFO -  * Detected change in '/Users/nevo/Desktop/Nevo Project john brice/Big Project/PyPL/backend/app.py', reloading
2025-01-22 08:49:19,025 - werkzeug - INFO -  * Restarting with stat
2025-01-22 08:49:21,242 - werkzeug - INFO -  * Restarting with stat
2025-01-22 08:49:21,584 - BackendLogger - INFO - Processing request with data: {'key': 'value'}
2025-01-22 08:49:21,584 - BackendLogger - INFO - Processing request with data: None
2025-01-22 08:49:21,584 - BackendLogger - ERROR - An error occurred: Invalid data provided
2025-01-22 08:49:21,679 - werkzeug - WARNING -  * Debugger is active!
2025-01-22 08:49:21,686 - werkzeug - INFO -  * Debugger PIN: 108-899-997
2025-01-22 08:49:33,852 - werkzeug - INFO -  * Detected change in '/Users/nevo/Desktop/Nevo Project john brice/Big Project/PyPL/backend/app.py', reloading
2025-01-22 08:49:33,932 - werkzeug - INFO -  * Restarting with stat
2025-01-22 08:49:34,111 - BackendLogger - INFO - Processing request with data: {'key': 'value'}
2025-01-22 08:49:34,111 - BackendLogger - INFO - Processing request with data: None
2025-01-22 08:49:34,111 - BackendLogger - ERROR - An error occurred: Invalid data provided
2025-01-22 08:49:34,177 - werkzeug - WARNING -  * Debugger is active!
2025-01-22 08:49:34,184 - werkzeug - INFO -  * Debugger PIN: 108-899-997
2025-01-22 08:49:39,246 - werkzeug - INFO -  * Detected change in '/Users/nevo/Desktop/Nevo Project john brice/Big Project/PyPL/backend/app.py', reloading
2025-01-22 08:49:39,320 - werkzeug - INFO -  * Restarting with stat
2025-01-22 08:49:39,512 - BackendLogger - INFO - Processing request with data: {'key': 'value'}
2025-01-22 08:49:39,512 - BackendLogger - INFO - Processing request with data: None
2025-01-22 08:49:39,513 - BackendLogger - ERROR - An error occurred: Invalid data provided
2025-01-22 08:49:39,583 - werkzeug - WARNING -  * Debugger is active!
2025-01-22 08:49:39,592 - werkzeug - INFO -  * Debugger PIN: 108-899-997
2025-01-22 08:49:43,637 - werkzeug - INFO -  * Detected change in '/Users/nevo/Desktop/Nevo Project john brice/Big Project/PyPL/backend/app.py', reloading
2025-01-22 08:49:43,718 - werkzeug - INFO -  * Restarting with stat
2025-01-22 08:49:43,904 - BackendLogger - INFO - Processing request with data: {'key': 'value'}
2025-01-22 08:49:43,904 - BackendLogger - INFO - Processing request with data: None
2025-01-22 08:49:43,904 - BackendLogger - ERROR - An error occurred: Invalid data provided
2025-01-22 08:49:43,969 - werkzeug - WARNING -  * Debugger is active!
2025-01-22 08:49:43,976 - werkzeug - INFO -  * Debugger PIN: 108-899-997
2025-01-22 08:49:46,790 - werkzeug - INFO - 127.0.0.1 - - [22/Jan/2025 08:49:46] "[35m[1mPOST /books HTTP/1.1[0m" 500 -
2025-01-22 08:49:46,819 - werkzeug - INFO - 127.0.0.1 - - [22/Jan/2025 08:49:46] "[36mGET /books?__debugger__=yes&cmd=resource&f=debugger.js HTTP/1.1[0m" 304 -
2025-01-22 08:49:46,819 - werkzeug - INFO - 127.0.0.1 - - [22/Jan/2025 08:49:46] "[36mGET /books?__debugger__=yes&cmd=resource&f=style.css HTTP/1.1[0m" 304 -
2025-01-22 08:49:46,825 - werkzeug - INFO - 127.0.0.1 - - [22/Jan/2025 08:49:46] "GET /books?__debugger__=yes&cmd=resource&f=console.png&s=1kVVpe8Dw2RWHTeUfakP HTTP/1.1" 200 -
2025-01-22 08:49:51,900 - werkzeug - INFO - 127.0.0.1 - - [22/Jan/2025 08:49:51] "[31m[1mPOST / HTTP/1.1[0m" 405 -
2025-01-22 08:50:01,035 - werkzeug - INFO - 127.0.0.1 - - [22/Jan/2025 08:50:01] "GET / HTTP/1.1" 200 -
2025-01-22 08:50:12,636 - werkzeug - INFO - 127.0.0.1 - - [22/Jan/2025 08:50:12] "[35m[1mPOST /books HTTP/1.1[0m" 500 -
2025-01-22 08:50:12,663 - werkzeug - INFO - 127.0.0.1 - - [22/Jan/2025 08:50:12] "[36mGET /books?__debugger__=yes&cmd=resource&f=style.css HTTP/1.1[0m" 304 -
2025-01-22 08:50:12,663 - werkzeug - INFO - 127.0.0.1 - - [22/Jan/2025 08:50:12] "[36mGET /books?__debugger__=yes&cmd=resource&f=debugger.js HTTP/1.1[0m" 304 -
2025-01-22 08:50:12,671 - werkzeug - INFO - 127.0.0.1 - - [22/Jan/2025 08:50:12] "[36mGET /books?__debugger__=yes&cmd=resource&f=console.png&s=1kVVpe8Dw2RWHTeUfakP HTTP/1.1[0m" 304 -
2025-01-22 08:50:28,609 - werkzeug - INFO -  * Detected change in '/Users/nevo/Desktop/Nevo Project john brice/Big Project/PyPL/backend/app.py', reloading
2025-01-22 08:50:28,693 - werkzeug - INFO -  * Restarting with stat
2025-01-22 08:50:28,968 - BackendLogger - INFO - Processing request with data: {'key': 'value'}
2025-01-22 08:50:28,968 - BackendLogger - INFO - Processing request with data: None
2025-01-22 08:50:28,969 - BackendLogger - ERROR - An error occurred: Invalid data provided
2025-01-22 08:50:29,063 - werkzeug - WARNING -  * Debugger is active!
2025-01-22 08:50:29,071 - werkzeug - INFO -  * Debugger PIN: 108-899-997
2025-01-22 08:50:34,137 - werkzeug - INFO -  * Detected change in '/Users/nevo/Desktop/Nevo Project john brice/Big Project/PyPL/backend/app.py', reloading
2025-01-22 08:50:34,220 - werkzeug - INFO -  * Restarting with stat
2025-01-22 08:50:34,400 - BackendLogger - INFO - Processing request with data: {'key': 'value'}
2025-01-22 08:50:34,400 - BackendLogger - INFO - Processing request with data: None
2025-01-22 08:50:34,400 - BackendLogger - ERROR - An error occurred: Invalid data provided
2025-01-22 08:50:34,465 - werkzeug - WARNING -  * Debugger is active!
2025-01-22 08:50:34,472 - werkzeug - INFO -  * Debugger PIN: 108-899-997
2025-01-22 08:50:36,500 - werkzeug - INFO -  * Detected change in '/Users/nevo/Desktop/Nevo Project john brice/Big Project/PyPL/backend/app.py', reloading
2025-01-22 08:50:36,579 - werkzeug - INFO -  * Restarting with stat
2025-01-22 08:50:36,769 - BackendLogger - INFO - Processing request with data: {'key': 'value'}
2025-01-22 08:50:36,769 - BackendLogger - INFO - Processing request with data: None
2025-01-22 08:50:36,769 - BackendLogger - ERROR - An error occurred: Invalid data provided
2025-01-22 08:50:36,836 - werkzeug - WARNING -  * Debugger is active!
2025-01-22 08:50:36,843 - werkzeug - INFO -  * Debugger PIN: 108-899-997
2025-01-22 08:50:38,035 - werkzeug - INFO - 127.0.0.1 - - [22/Jan/2025 08:50:38] "[35m[1mPOST /books HTTP/1.1[0m" 201 -
2025-01-22 08:51:07,233 - werkzeug - INFO - 127.0.0.1 - - [22/Jan/2025 08:51:07] "GET /books HTTP/1.1" 200 -
2025-01-22 08:56:11,562 - werkzeug - INFO -  * Detected change in '/Users/nevo/Desktop/Nevo Project john brice/Big Project/PyPL/backend/modules/DAL.py', reloading
2025-01-22 08:56:11,632 - werkzeug - INFO -  * Restarting with stat
2025-01-22 08:56:11,917 - BackendLogger - INFO - Processing request with data: {'key': 'value'}
2025-01-22 08:56:11,917 - BackendLogger - INFO - Processing request with data: None
2025-01-22 08:56:11,917 - BackendLogger - ERROR - An error occurred: Invalid data provided
2025-01-22 08:56:12,011 - werkzeug - WARNING -  * Debugger is active!
2025-01-22 08:56:12,018 - werkzeug - INFO -  * Debugger PIN: 108-899-997
2025-01-22 08:56:23,199 - werkzeug - INFO -  * Detected change in '/Users/nevo/Desktop/Nevo Project john brice/Big Project/PyPL/backend/modules/DAL.py', reloading
2025-01-22 08:56:23,282 - werkzeug - INFO -  * Restarting with stat
2025-01-22 08:56:23,464 - BackendLogger - INFO - Processing request with data: {'key': 'value'}
2025-01-22 08:56:23,464 - BackendLogger - INFO - Processing request with data: None
2025-01-22 08:56:23,464 - BackendLogger - ERROR - An error occurred: Invalid data provided
2025-01-22 08:56:23,532 - werkzeug - WARNING -  * Debugger is active!
2025-01-22 08:56:23,539 - werkzeug - INFO -  * Debugger PIN: 108-899-997
2025-01-22 08:56:26,568 - werkzeug - INFO -  * Detected change in '/Users/nevo/Desktop/Nevo Project john brice/Big Project/PyPL/backend/modules/DAL.py', reloading
2025-01-22 08:56:26,662 - werkzeug - INFO -  * Restarting with stat
2025-01-22 08:56:26,857 - BackendLogger - INFO - Processing request with data: {'key': 'value'}
2025-01-22 08:56:26,857 - BackendLogger - INFO - Processing request with data: None
2025-01-22 08:56:26,857 - BackendLogger - ERROR - An error occurred: Invalid data provided
2025-01-22 08:56:26,925 - werkzeug - WARNING -  * Debugger is active!
2025-01-22 08:56:26,932 - werkzeug - INFO -  * Debugger PIN: 108-899-997
2025-01-22 12:10:01,347 - werkzeug - INFO - 127.0.0.1 - - [22/Jan/2025 12:10:01] "[33mOPTIONS /login HTTP/1.1[0m" 404 -
2025-01-22 12:10:01,487 - werkzeug - INFO - 127.0.0.1 - - [22/Jan/2025 12:10:01] "[33mOPTIONS /login HTTP/1.1[0m" 404 -
2025-01-22 12:10:01,653 - werkzeug - INFO - 127.0.0.1 - - [22/Jan/2025 12:10:01] "[33mOPTIONS /login HTTP/1.1[0m" 404 -
2025-01-22 12:11:08,829 - werkzeug - INFO - 127.0.0.1 - - [22/Jan/2025 12:11:08] "[33mOPTIONS /login HTTP/1.1[0m" 404 -
2025-01-22 12:12:32,198 - werkzeug - INFO - 127.0.0.1 - - [22/Jan/2025 12:12:32] "[33mOPTIONS /login HTTP/1.1[0m" 404 -
2025-01-22 12:17:07,874 - werkzeug - INFO - 127.0.0.1 - - [22/Jan/2025 12:17:07] "[33mOPTIONS /login HTTP/1.1[0m" 404 -
2025-01-22 12:24:06,236 - werkzeug - INFO - 127.0.0.1 - - [22/Jan/2025 12:24:06] "[33mOPTIONS /login HTTP/1.1[0m" 404 -
2025-01-22 12:37:38,498 - werkzeug - INFO - 127.0.0.1 - - [22/Jan/2025 12:37:38] "[33mOPTIONS /login HTTP/1.1[0m" 404 -
2025-01-22 12:37:39,049 - werkzeug - INFO - 127.0.0.1 - - [22/Jan/2025 12:37:39] "[33mOPTIONS /login HTTP/1.1[0m" 404 -
2025-01-22 12:37:39,349 - werkzeug - INFO - 127.0.0.1 - - [22/Jan/2025 12:37:39] "[33mOPTIONS /login HTTP/1.1[0m" 404 -
2025-01-22 12:44:24,692 - werkzeug - INFO - 127.0.0.1 - - [22/Jan/2025 12:44:24] "[33mOPTIONS /login HTTP/1.1[0m" 404 -
2025-01-22 12:54:16,148 - werkzeug - INFO - 127.0.0.1 - - [22/Jan/2025 12:54:16] "[33mOPTIONS /login HTTP/1.1[0m" 404 -
2025-01-22 12:55:10,891 - werkzeug - INFO - 127.0.0.1 - - [22/Jan/2025 12:55:10] "[33mOPTIONS /login HTTP/1.1[0m" 404 -
2025-01-22 12:56:14,828 - werkzeug - INFO - 127.0.0.1 - - [22/Jan/2025 12:56:14] "[33mOPTIONS /login HTTP/1.1[0m" 404 -
2025-01-23 10:45:02,432 - werkzeug - INFO -  * Detected change in '/Users/nevo/Desktop/Nevo Project john brice/Big Project/PyPL/backend/app.py', reloading
2025-01-23 10:45:02,531 - werkzeug - INFO -  * Restarting with stat
2025-01-23 10:45:03,806 - werkzeug - INFO -  * Restarting with stat
2025-01-23 10:45:04,208 - BackendLogger - INFO - Processing request with data: {'key': 'value'}
2025-01-23 10:45:04,208 - BackendLogger - INFO - Processing request with data: None
2025-01-23 10:45:04,209 - BackendLogger - ERROR - An error occurred: Invalid data provided
2025-01-23 10:45:04,373 - werkzeug - WARNING -  * Debugger is active!
2025-01-23 10:45:04,379 - werkzeug - INFO -  * Debugger PIN: 108-899-997
2025-01-23 10:51:11,433 - werkzeug - INFO -  * Detected change in '/Users/nevo/Desktop/Nevo Project john brice/Big Project/PyPL/backend/app.py', reloading
2025-01-23 10:51:11,550 - werkzeug - INFO -  * Restarting with stat
2025-01-23 10:51:11,834 - BackendLogger - INFO - Processing request with data: {'key': 'value'}
2025-01-23 10:51:11,834 - BackendLogger - INFO - Processing request with data: None
2025-01-23 10:51:11,834 - BackendLogger - ERROR - An error occurred: Invalid data provided
2025-01-23 10:51:11,941 - werkzeug - WARNING -  * Debugger is active!
2025-01-23 10:51:11,949 - werkzeug - INFO -  * Debugger PIN: 108-899-997
2025-01-23 10:51:25,132 - werkzeug - INFO -  * Detected change in '/Users/nevo/Desktop/Nevo Project john brice/Big Project/PyPL/backend/app.py', reloading
2025-01-23 10:51:25,206 - werkzeug - INFO -  * Restarting with stat
2025-01-23 10:51:25,509 - BackendLogger - INFO - Processing request with data: {'key': 'value'}
2025-01-23 10:51:25,509 - BackendLogger - INFO - Processing request with data: None
2025-01-23 10:51:25,509 - BackendLogger - ERROR - An error occurred: Invalid data provided
2025-01-23 10:51:25,601 - werkzeug - WARNING -  * Debugger is active!
2025-01-23 10:51:25,608 - werkzeug - INFO -  * Debugger PIN: 108-899-997
2025-01-23 10:51:42,338 - BackendLogger - INFO - Processing request with data: {'key': 'value'}
2025-01-23 10:51:42,338 - BackendLogger - INFO - Processing request with data: None
2025-01-23 10:51:42,338 - BackendLogger - ERROR - An error occurred: Invalid data provided
2025-01-23 10:51:42,432 - werkzeug - INFO - [31m[1mWARNING: This is a development server. Do not use it in a production deployment. Use a production WSGI server instead.[0m
 * Running on http://127.0.0.1:5000
2025-01-23 10:51:42,432 - werkzeug - INFO - [33mPress CTRL+C to quit[0m
2025-01-23 10:51:42,433 - werkzeug - INFO -  * Restarting with stat
2025-01-23 10:51:42,610 - BackendLogger - INFO - Processing request with data: {'key': 'value'}
2025-01-23 10:51:42,610 - BackendLogger - INFO - Processing request with data: None
2025-01-23 10:51:42,610 - BackendLogger - ERROR - An error occurred: Invalid data provided
2025-01-23 10:51:42,674 - werkzeug - WARNING -  * Debugger is active!
2025-01-23 10:51:42,681 - werkzeug - INFO -  * Debugger PIN: 108-899-997
2025-01-23 10:53:07,824 - werkzeug - INFO -  * Detected change in '/Users/nevo/Desktop/Nevo Project john brice/Big Project/PyPL/backend/app.py', reloading
2025-01-23 10:53:07,918 - werkzeug - INFO -  * Restarting with stat
2025-01-23 10:53:08,191 - BackendLogger - INFO - Processing request with data: {'key': 'value'}
2025-01-23 10:53:08,191 - BackendLogger - INFO - Processing request with data: None
2025-01-23 10:53:08,191 - BackendLogger - ERROR - An error occurred: Invalid data provided
2025-01-23 10:53:08,287 - werkzeug - WARNING -  * Debugger is active!
2025-01-23 10:53:08,295 - werkzeug - INFO -  * Debugger PIN: 108-899-997
2025-01-23 10:55:11,726 - werkzeug - INFO - 127.0.0.1 - - [23/Jan/2025 10:55:11] "[33mGET / HTTP/1.1[0m" 404 -
2025-01-23 10:55:23,190 - werkzeug - INFO -  * Detected change in '/Users/nevo/Desktop/Nevo Project john brice/Big Project/PyPL/backend/app.py', reloading
2025-01-23 10:55:23,276 - werkzeug - INFO -  * Restarting with stat
2025-01-23 10:55:23,624 - BackendLogger - INFO - Processing request with data: {'key': 'value'}
2025-01-23 10:55:23,624 - BackendLogger - INFO - Processing request with data: None
2025-01-23 10:55:23,624 - BackendLogger - ERROR - An error occurred: Invalid data provided
2025-01-23 10:55:23,729 - werkzeug - WARNING -  * Debugger is active!
2025-01-23 10:55:23,743 - werkzeug - INFO -  * Debugger PIN: 108-899-997
2025-01-23 10:55:25,730 - werkzeug - INFO - 127.0.0.1 - - [23/Jan/2025 10:55:25] "GET / HTTP/1.1" 200 -
